c:\users\kemichar\source\repos\homm3-clone\homm3-clone\homm3-clone\debug\vc140.pdb
c:\users\kemichar\source\repos\homm3-clone\homm3-clone\homm3-clone\debug\vc140.idb
c:\users\kemichar\source\repos\homm3-clone\homm3-clone\homm3-clone\debug\combatlogic.obj
c:\users\kemichar\source\repos\homm3-clone\homm3-clone\homm3-clone\debug\creaturestack.obj
c:\users\kemichar\source\repos\homm3-clone\homm3-clone\homm3-clone\debug\gamelogic.obj
c:\users\kemichar\source\repos\homm3-clone\homm3-clone\homm3-clone\debug\homm3-clone.obj
c:\users\kemichar\source\repos\homm3-clone\homm3-clone\homm3-clone\debug\map.obj
c:\users\kemichar\source\repos\homm3-clone\homm3-clone\homm3-clone\debug\mapobject.obj
c:\users\kemichar\source\repos\homm3-clone\homm3-clone\homm3-clone\debug\model.obj
c:\users\kemichar\source\repos\homm3-clone\homm3-clone\homm3-clone\debug\moitem.obj
c:\users\kemichar\source\repos\homm3-clone\homm3-clone\homm3-clone\debug\resources.obj
c:\users\kemichar\source\repos\homm3-clone\homm3-clone\homm3-clone\debug\stdafx.obj
c:\users\kemichar\source\repos\homm3-clone\homm3-clone\homm3-clone\debug\uibutton.obj
c:\users\kemichar\source\repos\homm3-clone\homm3-clone\homm3-clone\debug\creature.obj
c:\users\kemichar\source\repos\homm3-clone\homm3-clone\homm3-clone\debug\mapblock.obj
c:\users\kemichar\source\repos\homm3-clone\homm3-clone\debug\homm3-clone.pdb
c:\users\kemichar\source\repos\homm3-clone\homm3-clone\homm3-clone\debug\homm3-clone.tlog\cl.command.1.tlog
c:\users\kemichar\source\repos\homm3-clone\homm3-clone\homm3-clone\debug\homm3-clone.tlog\cl.read.1.tlog
c:\users\kemichar\source\repos\homm3-clone\homm3-clone\homm3-clone\debug\homm3-clone.tlog\cl.write.1.tlog
c:\users\kemichar\source\repos\homm3-clone\homm3-clone\homm3-clone\debug\homm3-clone.tlog\link-cvtres.read.1.tlog
c:\users\kemichar\source\repos\homm3-clone\homm3-clone\homm3-clone\debug\homm3-clone.tlog\link-cvtres.write.1.tlog
c:\users\kemichar\source\repos\homm3-clone\homm3-clone\homm3-clone\debug\homm3-clone.tlog\link-rc.read.1.tlog
c:\users\kemichar\source\repos\homm3-clone\homm3-clone\homm3-clone\debug\homm3-clone.tlog\link-rc.write.1.tlog
c:\users\kemichar\source\repos\homm3-clone\homm3-clone\homm3-clone\debug\homm3-clone.tlog\link.10892-cvtres.read.1.tlog
c:\users\kemichar\source\repos\homm3-clone\homm3-clone\homm3-clone\debug\homm3-clone.tlog\link.10892-cvtres.write.1.tlog
c:\users\kemichar\source\repos\homm3-clone\homm3-clone\homm3-clone\debug\homm3-clone.tlog\link.10892-rc.read.1.tlog
c:\users\kemichar\source\repos\homm3-clone\homm3-clone\homm3-clone\debug\homm3-clone.tlog\link.10892-rc.write.1.tlog
c:\users\kemichar\source\repos\homm3-clone\homm3-clone\homm3-clone\debug\homm3-clone.tlog\link.10892.read.1.tlog
c:\users\kemichar\source\repos\homm3-clone\homm3-clone\homm3-clone\debug\homm3-clone.tlog\link.10892.write.1.tlog
c:\users\kemichar\source\repos\homm3-clone\homm3-clone\homm3-clone\debug\homm3-clone.tlog\link.command.1.tlog
c:\users\kemichar\source\repos\homm3-clone\homm3-clone\homm3-clone\debug\homm3-clone.tlog\link.read.1.tlog
c:\users\kemichar\source\repos\homm3-clone\homm3-clone\homm3-clone\debug\homm3-clone.tlog\link.write.1.tlog
